Unity Editor version:    2020.3.23f1 (c5d91304a876)
Branch:                  2020.3/staging
Build type:              Release
Batch mode:              YES
macOS version:           Version 10.15.7 (Build 19H15)
Darwin version:          19.6.0
Architecture:            x86_64
Running under Rosetta:   NO
Available memory:        16384 MB
Using pre-set license
Pro License: NO

COMMAND LINE ARGUMENTS:
/Applications/Unity/Hub/Editor/2020.3.23f1/Unity.app/Contents/MacOS/Unity
-adb2
-batchMode
-noUpm
-name
AssetImportWorker0
-projectPath
/Users/aaronwee/Desktop/unity/pokemon-knight-2/Pokemon Knight
-logFile
Logs/AssetImportWorker0.log
-srvPort
50649
Successfully changed project path to: /Users/aaronwee/Desktop/unity/pokemon-knight-2/Pokemon Knight
/Users/aaronwee/Desktop/unity/pokemon-knight-2/Pokemon Knight
Using Asset Import Pipeline V2.
Refreshing native plugins compatible for Editor in 80.31 ms, found 3 plugins.
Preloading 0 native plugins for Editor in 0.00 ms.
Initialize engine version: 2020.3.23f1 (c5d91304a876)
[Subsystems] Discovering subsystems at path /Applications/Unity/Hub/Editor/2020.3.23f1/Unity.app/Contents/Resources/UnitySubsystems
[Subsystems] Discovering subsystems at path /Users/aaronwee/Desktop/unity/pokemon-knight-2/Pokemon Knight/Assets
GfxDevice: creating device client; threaded=0
2022-01-08 23:33:22.150 Unity[4604:76435] Color LCD preferred device: Intel(R) Iris(TM) Plus Graphics (low power)
2022-01-08 23:33:22.150 Unity[4604:76435] Metal devices available: 1
2022-01-08 23:33:22.150 Unity[4604:76435] 0: Intel(R) Iris(TM) Plus Graphics (low power)
2022-01-08 23:33:22.151 Unity[4604:76435] Using device Intel(R) Iris(TM) Plus Graphics (low power)
Initializing Metal device caps: Intel(R) Iris(TM) Plus Graphics
Initialize mono
Mono path[0] = '/Applications/Unity/Hub/Editor/2020.3.23f1/Unity.app/Contents/Managed'
Mono path[1] = '/Applications/Unity/Hub/Editor/2020.3.23f1/Unity.app/Contents/MonoBleedingEdge/lib/mono/unityjit'
Mono config path = '/Applications/Unity/Hub/Editor/2020.3.23f1/Unity.app/Contents/MonoBleedingEdge/etc'
Using monoOptions --debugger-agent=transport=dt_socket,embedding=1,server=y,suspend=n,address=127.0.0.1:56604
Begin MonoManager ReloadAssembly
Registering precompiled unity dll's ...
Register platform support module: /Applications/Unity/Hub/Editor/2020.3.23f1/Unity.app/Contents/PlaybackEngines/MacStandaloneSupport/UnityEditor.OSXStandalone.Extensions.dll
Registered in 0.003420 seconds.
Native extension for OSXStandalone target not found
Refreshing native plugins compatible for Editor in 52.25 ms, found 3 plugins.
Preloading 0 native plugins for Editor in 0.00 ms.
Mono: successfully reloaded assembly
- Completed reload, in  0.733 seconds
Domain Reload Profiling:
	ReloadAssembly (733ms)
		BeginReloadAssembly (63ms)
			ExecutionOrderSort (0ms)
			DisableScriptedObjects (0ms)
			BackupInstance (0ms)
			ReleaseScriptingObjects (0ms)
			CreateAndSetChildDomain (1ms)
		EndReloadAssembly (576ms)
			LoadAssemblies (64ms)
			RebuildTransferFunctionScriptingTraits (0ms)
			SetupTypeCache (213ms)
			ReleaseScriptCaches (0ms)
			RebuildScriptCaches (43ms)
			SetupLoadedEditorAssemblies (221ms)
				LogAssemblyErrors (0ms)
				InitializePlatformSupportModulesInManaged (8ms)
				SetLoadedEditorAssemblies (1ms)
				RefreshPlugins (52ms)
				BeforeProcessingInitializeOnLoad (11ms)
				ProcessInitializeOnLoadAttributes (111ms)
				ProcessInitializeOnLoadMethodAttributes (37ms)
				AfterProcessingInitializeOnLoad (0ms)
				EditorAssembliesLoaded (0ms)
			ExecutionOrderSort2 (0ms)
			AwakeInstancesAfterBackupRestoration (0ms)
Platform modules already initialized, skipping
Registering precompiled user dll's ...
Registered in 0.020427 seconds.
Begin MonoManager ReloadAssembly
Native extension for OSXStandalone target not found
Refreshing native plugins compatible for Editor in 53.49 ms, found 3 plugins.
Preloading 0 native plugins for Editor in 0.00 ms.
Mono: successfully reloaded assembly
- Completed reload, in  1.608 seconds
Domain Reload Profiling:
	ReloadAssembly (1610ms)
		BeginReloadAssembly (183ms)
			ExecutionOrderSort (0ms)
			DisableScriptedObjects (5ms)
			BackupInstance (0ms)
			ReleaseScriptingObjects (0ms)
			CreateAndSetChildDomain (38ms)
		EndReloadAssembly (1348ms)
			LoadAssemblies (169ms)
			RebuildTransferFunctionScriptingTraits (0ms)
			SetupTypeCache (498ms)
			ReleaseScriptCaches (0ms)
			RebuildScriptCaches (76ms)
			SetupLoadedEditorAssemblies (445ms)
				LogAssemblyErrors (0ms)
				InitializePlatformSupportModulesInManaged (4ms)
				SetLoadedEditorAssemblies (0ms)
				RefreshPlugins (54ms)
				BeforeProcessingInitializeOnLoad (88ms)
				ProcessInitializeOnLoadAttributes (270ms)
				ProcessInitializeOnLoadMethodAttributes (27ms)
				AfterProcessingInitializeOnLoad (1ms)
				EditorAssembliesLoaded (0ms)
			ExecutionOrderSort2 (0ms)
			AwakeInstancesAfterBackupRestoration (10ms)
Platform modules already initialized, skipping
Validating Project structure ... 0.006938 seconds.
Shader import version has changed; will reimport all shaders...
Upgrading shader files ...0.008872 seconds.
Application.AssetDatabase Initial Script Refresh Start
RefreshInfo: InitialScriptRefreshV2(NoUpdateAssetOptions) scanfilter:  ... 1 filters
RefreshProfiler: Total: 0.000ms
Application.AssetDatabase Initial Script Refresh End
Application.AssetDatabase.Refresh Start
Application.AssetDatabase.Refresh End
RefreshInfo: StopAssetImportingV2(ForceSynchronousImport) scanfilter: 
RefreshProfiler: Total: 0.000ms
Launching external process: /Applications/Unity/Hub/Editor/2020.3.23f1/Unity.app/Contents/Tools/UnityShaderCompiler
Launched and connected shader compiler UnityShaderCompiler after 0.02 seconds
Initializing Unity extensions:
========================================================================
Worker process is ready to serve import requests
Refreshing native plugins compatible for Editor in 1.40 ms, found 3 plugins.
Preloading 0 native plugins for Editor in 0.00 ms.
Unloading 2283 Unused Serialized files (Serialized files now loaded: 0)
System memory in use before: 205.9 MB.
System memory in use after: 205.2 MB.

Unloading 159 unused Assets to reduce memory usage. Loaded Objects now: 2805.
Total: 4.309828 ms (FindLiveObjects: 0.237259 ms CreateObjectMapping: 0.088821 ms MarkObjects: 3.238648 ms  DeleteObjects: 0.743302 ms)

AssetImportParameters requested are different than current active one (requested -> active):
  custom:video-decoder-ogg-theora: a1e56fd34408186e4bbccfd4996cb3dc -> 
  custom:container-muxer-webm: aa71ff27fc2769a1b78a27578f13a17b -> 
  custom:container-demuxer-webm: 4f35f7cbe854078d1ac9338744f61a02 -> 
  custom:container-demuxer-ogg: 62fdf1f143b41e24485cea50d1cbac27 -> 
  custom:video-encoder-webm-vp8: eb34c28f22e8b96e1ab97ce403110664 -> 
  custom:framework-osx-AVFoundation: b23960f63f64bdc6ff669e2cdcee2391 -> 
  custom:video-decoder-webm-vp8: 9c59270c3fd7afecdb556c50c9e8de78 -> 
  custom:audio-decoder-ogg-vorbis: bf7c407c2cedff20999df2af8eb42d56 -> 
  custom:audio-encoder-webm-vorbis: bf7c407c2cedff20999df2af8eb42d56 -> 
========================================================================
Received Import Request.
  path: Assets/Prefabs
  artifactKey: Guid(40ea8bc951a88499bb96afc34d1e7b3d) Importer(815301076,1909f56bfc062723c751e8b465ee728b)
Start importing Assets/Prefabs using Guid(40ea8bc951a88499bb96afc34d1e7b3d) Importer(815301076,1909f56bfc062723c751e8b465ee728b)  -> (artifact id: 'afb5417354338c94decd5e5c4077aaa9') in 0.004799 seconds 
  Import took 0.009807 seconds .

========================================================================
Received Import Request.
  Time since last request: 0.000497 seconds.
  path: Assets/Sprites
  artifactKey: Guid(2aa0e16e6f3914422adc2b030be2066a) Importer(815301076,1909f56bfc062723c751e8b465ee728b)
Start importing Assets/Sprites using Guid(2aa0e16e6f3914422adc2b030be2066a) Importer(815301076,1909f56bfc062723c751e8b465ee728b)  -> (artifact id: 'ce167fd51204948d98857dee9634088f') in 0.001157 seconds 
  Import took 0.005667 seconds .

========================================================================
Received Import Request.
  Time since last request: 0.000293 seconds.
  path: Assets/Prefabs/PLAYER.prefab
  artifactKey: Guid(be31718e66abf4de899f72cb0539f981) Importer(815301076,1909f56bfc062723c751e8b465ee728b)
Start importing Assets/Prefabs/PLAYER.prefab using Guid(be31718e66abf4de899f72cb0539f981) Importer(815301076,1909f56bfc062723c751e8b465ee728b)  -> (artifact id: '6d676ec1259da7839011428d872707c8') in 0.463790 seconds 
  Import took 0.471868 seconds .

========================================================================
Received Import Request.
  Time since last request: 2303.931735 seconds.
  path: ProjectSettings/TagManager.asset
  artifactKey: Guid(00000000000000003000000000000000) Importer(815301076,1909f56bfc062723c751e8b465ee728b)
Start importing ProjectSettings/TagManager.asset using Guid(00000000000000003000000000000000) Importer(815301076,1909f56bfc062723c751e8b465ee728b)  -> (artifact id: '95df672b4aaba54310d34c83eef51bb8') in 0.170524 seconds 
  Import took 0.178163 seconds .

========================================================================
Received Import Request.
  Time since last request: 452.925937 seconds.
  path: Assets/Scripts/Ally.cs
  artifactKey: Guid(869c2bfc213d94e2bb09f6cf3002672c) Importer(815301076,1909f56bfc062723c751e8b465ee728b)
Start importing Assets/Scripts/Ally.cs using Guid(869c2bfc213d94e2bb09f6cf3002672c) Importer(815301076,1909f56bfc062723c751e8b465ee728b)  -> (artifact id: '0f2b57d9ee549f9638f21f757b53875b') in 0.408696 seconds 
  Import took 0.417980 seconds .

========================================================================
Received Import Request.
  Time since last request: 225.313596 seconds.
  path: Assets/Scripts/AllySquirtle.cs
  artifactKey: Guid(1ca8f3a6a18e74e69af9ec851dce9cf2) Importer(815301076,1909f56bfc062723c751e8b465ee728b)
Start importing Assets/Scripts/AllySquirtle.cs using Guid(1ca8f3a6a18e74e69af9ec851dce9cf2) Importer(815301076,1909f56bfc062723c751e8b465ee728b)  -> (artifact id: '9a2ca11ee1dd703fb69051e0810c323a') in 0.006903 seconds 
  Import took 0.013004 seconds .

========================================================================
Received Prepare
Registering precompiled user dll's ...
Registered in 0.009629 seconds.
Begin MonoManager ReloadAssembly
Native extension for OSXStandalone target not found
Refreshing native plugins compatible for Editor in 0.57 ms, found 3 plugins.
Preloading 0 native plugins for Editor in 0.00 ms.
Mono: successfully reloaded assembly
- Completed reload, in  1.519 seconds
Domain Reload Profiling:
	ReloadAssembly (1520ms)
		BeginReloadAssembly (208ms)
			ExecutionOrderSort (0ms)
			DisableScriptedObjects (10ms)
			BackupInstance (0ms)
			ReleaseScriptingObjects (0ms)
			CreateAndSetChildDomain (129ms)
		EndReloadAssembly (1228ms)
			LoadAssemblies (97ms)
			RebuildTransferFunctionScriptingTraits (0ms)
			SetupTypeCache (499ms)
			ReleaseScriptCaches (1ms)
			RebuildScriptCaches (64ms)
			SetupLoadedEditorAssemblies (413ms)
				LogAssemblyErrors (0ms)
				InitializePlatformSupportModulesInManaged (5ms)
				SetLoadedEditorAssemblies (1ms)
				RefreshPlugins (1ms)
				BeforeProcessingInitializeOnLoad (139ms)
				ProcessInitializeOnLoadAttributes (253ms)
				ProcessInitializeOnLoadMethodAttributes (14ms)
				AfterProcessingInitializeOnLoad (2ms)
				EditorAssembliesLoaded (0ms)
			ExecutionOrderSort2 (0ms)
			AwakeInstancesAfterBackupRestoration (11ms)
Platform modules already initialized, skipping
Refreshing native plugins compatible for Editor in 0.81 ms, found 3 plugins.
Preloading 0 native plugins for Editor in 0.00 ms.
Unloading 2403 Unused Serialized files (Serialized files now loaded: 0)
System memory in use before: 222.7 MB.
System memory in use after: 222.4 MB.

Unloading 36 unused Assets to reduce memory usage. Loaded Objects now: 2939.
Total: 5.113181 ms (FindLiveObjects: 0.643481 ms CreateObjectMapping: 0.250437 ms MarkObjects: 3.706395 ms  DeleteObjects: 0.510728 ms)

AssetImportParameters requested are different than current active one (requested -> active):
  custom:video-decoder-ogg-theora: a1e56fd34408186e4bbccfd4996cb3dc -> 
  custom:container-muxer-webm: aa71ff27fc2769a1b78a27578f13a17b -> 
  custom:container-demuxer-webm: 4f35f7cbe854078d1ac9338744f61a02 -> 
  custom:container-demuxer-ogg: 62fdf1f143b41e24485cea50d1cbac27 -> 
  custom:video-encoder-webm-vp8: eb34c28f22e8b96e1ab97ce403110664 -> 
  custom:framework-osx-AVFoundation: b23960f63f64bdc6ff669e2cdcee2391 -> 
  custom:video-decoder-webm-vp8: 9c59270c3fd7afecdb556c50c9e8de78 -> 
  custom:audio-decoder-ogg-vorbis: bf7c407c2cedff20999df2af8eb42d56 -> 
  custom:audio-encoder-webm-vorbis: bf7c407c2cedff20999df2af8eb42d56 -> 
========================================================================
Received Prepare
Registering precompiled user dll's ...
Registered in 0.015793 seconds.
Begin MonoManager ReloadAssembly
Native extension for OSXStandalone target not found
Refreshing native plugins compatible for Editor in 0.80 ms, found 3 plugins.
Preloading 0 native plugins for Editor in 0.00 ms.
Mono: successfully reloaded assembly
- Completed reload, in  1.503 seconds
Domain Reload Profiling:
	ReloadAssembly (1504ms)
		BeginReloadAssembly (166ms)
			ExecutionOrderSort (0ms)
			DisableScriptedObjects (9ms)
			BackupInstance (0ms)
			ReleaseScriptingObjects (0ms)
			CreateAndSetChildDomain (91ms)
		EndReloadAssembly (1253ms)
			LoadAssemblies (98ms)
			RebuildTransferFunctionScriptingTraits (0ms)
			SetupTypeCache (517ms)
			ReleaseScriptCaches (1ms)
			RebuildScriptCaches (68ms)
			SetupLoadedEditorAssemblies (414ms)
				LogAssemblyErrors (0ms)
				InitializePlatformSupportModulesInManaged (5ms)
				SetLoadedEditorAssemblies (1ms)
				RefreshPlugins (1ms)
				BeforeProcessingInitializeOnLoad (140ms)
				ProcessInitializeOnLoadAttributes (250ms)
				ProcessInitializeOnLoadMethodAttributes (16ms)
				AfterProcessingInitializeOnLoad (1ms)
				EditorAssembliesLoaded (0ms)
			ExecutionOrderSort2 (0ms)
			AwakeInstancesAfterBackupRestoration (12ms)
Platform modules already initialized, skipping
Refreshing native plugins compatible for Editor in 0.63 ms, found 3 plugins.
Preloading 0 native plugins for Editor in 0.00 ms.
Unloading 2400 Unused Serialized files (Serialized files now loaded: 0)
System memory in use before: 222.7 MB.
System memory in use after: 222.5 MB.

Unloading 34 unused Assets to reduce memory usage. Loaded Objects now: 2941.
Total: 3.589113 ms (FindLiveObjects: 0.299456 ms CreateObjectMapping: 0.119310 ms MarkObjects: 2.811114 ms  DeleteObjects: 0.357846 ms)

AssetImportParameters requested are different than current active one (requested -> active):
  custom:video-decoder-ogg-theora: a1e56fd34408186e4bbccfd4996cb3dc -> 
  custom:container-muxer-webm: aa71ff27fc2769a1b78a27578f13a17b -> 
  custom:container-demuxer-webm: 4f35f7cbe854078d1ac9338744f61a02 -> 
  custom:container-demuxer-ogg: 62fdf1f143b41e24485cea50d1cbac27 -> 
  custom:video-encoder-webm-vp8: eb34c28f22e8b96e1ab97ce403110664 -> 
  custom:framework-osx-AVFoundation: b23960f63f64bdc6ff669e2cdcee2391 -> 
  custom:video-decoder-webm-vp8: 9c59270c3fd7afecdb556c50c9e8de78 -> 
  custom:audio-decoder-ogg-vorbis: bf7c407c2cedff20999df2af8eb42d56 -> 
  custom:audio-encoder-webm-vorbis: bf7c407c2cedff20999df2af8eb42d56 -> 
========================================================================
Received Import Request.
  Time since last request: 725.220618 seconds.
  path: Assets/Scripts/AllyAttack.cs
  artifactKey: Guid(72ba190cd6fbf4bfcb5a838392927218) Importer(815301076,1909f56bfc062723c751e8b465ee728b)
Start importing Assets/Scripts/AllyAttack.cs using Guid(72ba190cd6fbf4bfcb5a838392927218) Importer(815301076,1909f56bfc062723c751e8b465ee728b)  -> (artifact id: '133e0d3a3007ea1364ddae74c370c21e') in 0.007134 seconds 
  Import took 0.011046 seconds .

========================================================================
Received Import Request.
  Time since last request: 73.386758 seconds.
  path: Assets/Sprites/enemy-hp-bar.png
  artifactKey: Guid(ea8f2078b06994b0580adc9e0254b552) Importer(815301076,1909f56bfc062723c751e8b465ee728b)
Start importing Assets/Sprites/enemy-hp-bar.png using Guid(ea8f2078b06994b0580adc9e0254b552) Importer(815301076,1909f56bfc062723c751e8b465ee728b)  -> (artifact id: '900353789dfb15f4fa0f17605a6680cd') in 0.366901 seconds 
  Import took 0.375310 seconds .

========================================================================
Received Import Request.
  Time since last request: 11.871399 seconds.
  path: Assets/Sprites/player-red.png
  artifactKey: Guid(fc0fb51ba44b542d99de0ee7d5864088) Importer(815301076,1909f56bfc062723c751e8b465ee728b)
Start importing Assets/Sprites/player-red.png using Guid(fc0fb51ba44b542d99de0ee7d5864088) Importer(815301076,1909f56bfc062723c751e8b465ee728b)  -> (artifact id: '52a625aded96881b99f9b83730a9bdf9') in 0.072217 seconds 
  Import took 0.076578 seconds .

========================================================================
Received Import Request.
  Time since last request: 0.374996 seconds.
  path: Assets/Sprites/pokemon-ball-grey.png
  artifactKey: Guid(71193757474854722ae6d7d48c52ba9b) Importer(815301076,1909f56bfc062723c751e8b465ee728b)
Start importing Assets/Sprites/pokemon-ball-grey.png using Guid(71193757474854722ae6d7d48c52ba9b) Importer(815301076,1909f56bfc062723c751e8b465ee728b)  -> (artifact id: '57493885d1e88b7f64430d7ab20fe18f') in 0.018150 seconds 
  Import took 0.024007 seconds .

========================================================================
Received Import Request.
  Time since last request: 0.535663 seconds.
  path: Assets/Sprites/square.png
  artifactKey: Guid(c8597037bfb9148b5be7d84e29f6cf24) Importer(815301076,1909f56bfc062723c751e8b465ee728b)
Start importing Assets/Sprites/square.png using Guid(c8597037bfb9148b5be7d84e29f6cf24) Importer(815301076,1909f56bfc062723c751e8b465ee728b)  -> (artifact id: '6ed638460f178b86a007600153561545') in 0.022611 seconds 
  Import took 0.030285 seconds .

========================================================================
Received Import Request.
  Time since last request: 1.662908 seconds.
  path: Assets/Sprites/wallpaper/title-screen.png
  artifactKey: Guid(30078dfc3b6df453b804d71d9162fd5f) Importer(815301076,1909f56bfc062723c751e8b465ee728b)
Start importing Assets/Sprites/wallpaper/title-screen.png using Guid(30078dfc3b6df453b804d71d9162fd5f) Importer(815301076,1909f56bfc062723c751e8b465ee728b)  -> (artifact id: 'f7f6aa56432e38cfef67c2e832dab4a1') in 0.017793 seconds 
  Import took 0.022607 seconds .

========================================================================
Received Import Request.
  Time since last request: 0.682945 seconds.
  path: Assets/Sprites/wallpaper
  artifactKey: Guid(5ab25c4e37cd3497ea421a7785d49abc) Importer(815301076,1909f56bfc062723c751e8b465ee728b)
Start importing Assets/Sprites/wallpaper using Guid(5ab25c4e37cd3497ea421a7785d49abc) Importer(815301076,1909f56bfc062723c751e8b465ee728b)  -> (artifact id: 'cb724133954ec18bc16a5200efd4de0a') in 0.001443 seconds 
  Import took 0.008873 seconds .

========================================================================
Received Import Request.
  Time since last request: 7.030962 seconds.
  path: Assets/Sprites/magnemite.png
  artifactKey: Guid(419f7a9fc828243cf9a8530ba51205d5) Importer(815301076,1909f56bfc062723c751e8b465ee728b)
Start importing Assets/Sprites/magnemite.png using Guid(419f7a9fc828243cf9a8530ba51205d5) Importer(815301076,1909f56bfc062723c751e8b465ee728b)  -> (artifact id: '0fd3808639f216861c8f526272fe206c') in 0.027120 seconds 
  Import took 0.032858 seconds .

========================================================================
Received Import Request.
  Time since last request: 0.520790 seconds.
  path: Assets/Sprites/forest-map.png
  artifactKey: Guid(cda0fda39278d4f37947d71c3bf38df8) Importer(815301076,1909f56bfc062723c751e8b465ee728b)
Start importing Assets/Sprites/forest-map.png using Guid(cda0fda39278d4f37947d71c3bf38df8) Importer(815301076,1909f56bfc062723c751e8b465ee728b)  -> (artifact id: '76696a4994baa59ed86409241daf1ccc') in 0.033282 seconds 
  Import took 0.038231 seconds .

========================================================================
Received Import Request.
  Time since last request: 1.567728 seconds.
  path: Assets/Sprites/charmander.png
  artifactKey: Guid(cf24b3e765c914b4d9644f7723acb900) Importer(815301076,1909f56bfc062723c751e8b465ee728b)
Start importing Assets/Sprites/charmander.png using Guid(cf24b3e765c914b4d9644f7723acb900) Importer(815301076,1909f56bfc062723c751e8b465ee728b)  -> (artifact id: '1e3681ffd093b73271d877fe22c4921d') in 0.060421 seconds 
  Import took 0.065396 seconds .

========================================================================
Received Import Request.
  Time since last request: 0.631456 seconds.
  path: Assets/Sprites/caterpie.png
  artifactKey: Guid(9c6973cf9fb354576bdb71e86f4de99a) Importer(815301076,1909f56bfc062723c751e8b465ee728b)
Start importing Assets/Sprites/caterpie.png using Guid(9c6973cf9fb354576bdb71e86f4de99a) Importer(815301076,1909f56bfc062723c751e8b465ee728b)  -> (artifact id: 'c6236d2daac9df7089896025ffb08dca') in 0.029969 seconds 
  Import took 0.036195 seconds .

========================================================================
Received Import Request.
  Time since last request: 0.435403 seconds.
  path: Assets/Sprites/butterfree.png
  artifactKey: Guid(345e2ca80100749cc85909914b166422) Importer(815301076,1909f56bfc062723c751e8b465ee728b)
Start importing Assets/Sprites/butterfree.png using Guid(345e2ca80100749cc85909914b166422) Importer(815301076,1909f56bfc062723c751e8b465ee728b)  -> (artifact id: 'c7cb62132821c655f488e594b4882b8e') in 0.077721 seconds 
  Import took 0.083060 seconds .

========================================================================
Received Import Request.
  Time since last request: 0.405090 seconds.
  path: Assets/Sprites/bulbasaur.png
  artifactKey: Guid(b7ebbf64ace0c4de6a68d98b26e337b5) Importer(815301076,1909f56bfc062723c751e8b465ee728b)
Start importing Assets/Sprites/bulbasaur.png using Guid(b7ebbf64ace0c4de6a68d98b26e337b5) Importer(815301076,1909f56bfc062723c751e8b465ee728b)  -> (artifact id: '31b95cc34f96035111f81040be1a846c') in 0.041321 seconds 
  Import took 0.045964 seconds .

========================================================================
Received Import Request.
  Time since last request: 283.065651 seconds.
  path: Assets/Sprites/player-hp-bar.png
  artifactKey: Guid(c1413e2b75f704c40a3749b2386e9d08) Importer(815301076,1909f56bfc062723c751e8b465ee728b)
Start importing Assets/Sprites/player-hp-bar.png using Guid(c1413e2b75f704c40a3749b2386e9d08) Importer(815301076,1909f56bfc062723c751e8b465ee728b)  -> (artifact id: '3db4ed9112f1bb5c5bb14ffbd0c5aa65') in 0.017436 seconds 
  Import took 0.024737 seconds .

========================================================================
Received Import Request.
  Time since last request: 8.033311 seconds.
  path: Assets/Sprites/player-hp-bar.png
  artifactKey: Guid(c1413e2b75f704c40a3749b2386e9d08) Importer(815301076,1909f56bfc062723c751e8b465ee728b)
Start importing Assets/Sprites/player-hp-bar.png using Guid(c1413e2b75f704c40a3749b2386e9d08) Importer(815301076,1909f56bfc062723c751e8b465ee728b)  -> (artifact id: 'd91af8360c6f97655a39625f0e3ce560') in 0.008945 seconds 
  Import took 0.017277 seconds .

========================================================================
Received Import Request.
  Time since last request: 16.439032 seconds.
  path: Assets/Sprites/player-hp-bar.png
  artifactKey: Guid(c1413e2b75f704c40a3749b2386e9d08) Importer(815301076,1909f56bfc062723c751e8b465ee728b)
Start importing Assets/Sprites/player-hp-bar.png using Guid(c1413e2b75f704c40a3749b2386e9d08) Importer(815301076,1909f56bfc062723c751e8b465ee728b)  -> (artifact id: '9330de3c55594e580320730c86634b64') in 0.037094 seconds 
  Import took 0.042161 seconds .

